2019-10-14 04:00:11,663 [ACCEPTED DELETE] auto-trashcan:ckdocker-bronze/cinf/graphql-gateway/1.8.48-prerelease-CINF-981.1-1566412343-4071a2a6a004/sha256__5ceb6b5f035d5b0381d12d797e654724eec209d6739439fba3e46ed59e672d9d  for client : _system_ / .
2019-10-14 04:00:11,679 [ACCEPTED DELETE] auto-trashcan:ckdocker-bronze/cinf/graphql-gateway/1.8.48-prerelease-CINF-981.1-1566412343-4071a2a6a004/sha256__8ba884070f611d31cb2c42eddb691319dc9facf5e0ec67672fcfa135181ab3df  for client : _system_ / .
2019-10-14 04:00:11,695 [ACCEPTED DELETE] auto-trashcan:ckdocker-bronze/cinf/graphql-gateway/1.8.48-prerelease-CINF-981.1-1566412343-4071a2a6a004/sha256__a3693bb7a9fee08190d8e50288438a29c0403d2a1673a7a06cb10982455ee8c9  for client : _system_ / .
2019-10-14 04:00:11,712 [ACCEPTED DELETE] auto-trashcan:ckdocker-bronze/cinf/graphql-gateway/1.8.48-prerelease-CINF-981.1-1566412343-4071a2a6a004/sha256__b3b820329d76787ade19df26c1f58f2dbfdd0aa9f9dbfbd29aa3ac2767f4a939  for client : _system_ / .
2019-10-14 04:00:11,729 [ACCEPTED DELETE] auto-trashcan:ckdocker-bronze/cinf/graphql-gateway/1.8.48-prerelease-CINF-981.1-1566412343-4071a2a6a004/sha256__d0901b3d52b447a77d283eadf346de7f9bda9ab59349baaec9d1e471bf04d29e  for client : _system_ / .
2019-10-14 04:00:11,746 [ACCEPTED DELETE] auto-trashcan:ckdocker-bronze/cinf/graphql-gateway/1.8.48-prerelease-CINF-981.1-1566412343-4071a2a6a004/sha256__d86ce9f18e7b0ddda3a7afa5253dda2223cbcb663206f7c37b1606ea795a3306  for client : _system_ / .
2019-10-14 04:00:11,762 [ACCEPTED DELETE] auto-trashcan:ckdocker-bronze/cinf/graphql-gateway/1.8.48-prerelease-CINF-981.1-1566412343-4071a2a6a004/sha256__e57fab7dceeb74f245d93d0894c93c1b97292f304d78d838998f19fa57d3c7ad  for client : _system_ / .
2019-10-14 04:00:11,778 [ACCEPTED DELETE] auto-trashcan:ckdocker-bronze/cinf/graphql-gateway/1.8.48-prerelease-CINF-981.1-1566412343-4071a2a6a004/sha256__e81844fa0050b24ce54c7c73a5c240c353ccf632ae91885bfd4c9261e837d1f0  for client : _system_ / .
2019-10-14 04:00:11,799 [ACCEPTED DELETE] auto-trashcan:ckdocker-bronze/cinf/graphql-gateway/1.8.48-prerelease-CINF-981.1-1566412343-4071a2a6a004/sha256__f695bb68b9b1931771c8d3e0f839fa062f89dbd61f92e9ac958acab6a4e3ab16  for client : _system_ / .
2019-10-14 04:00:11,996 [ACCEPTED DELETE] auto-trashcan:ckdocker-gold/cinf/graphql-gateway/1.8.55-1565896478-cef2758f02dd/manifest.json  for client : _system_ / .
2019-10-14 04:00:12,015 [ACCEPTED DELETE] auto-trashcan:ckdocker-gold/cinf/graphql-gateway/1.8.55-1565896478-cef2758f02dd/sha256__026e0db352ef49fd325fc0506db044bc7dc194ed722746fec21176a698f1b47e  for client : _system_ / .
2019-10-14 04:00:12,034 [ACCEPTED DELETE] auto-trashcan:ckdocker-gold/cinf/graphql-gateway/1.8.55-1565896478-cef2758f02dd/sha256__07cd4edfd0dbf6284f355b66f81c38ca755ac43ee5aef9c480adfb043adacb2f  for client : _system_ / .
2019-10-14 04:00:12,052 [ACCEPTED DELETE] auto-trashcan:ckdocker-gold/cinf/graphql-gateway/1.8.55-1565896478-cef2758f02dd/sha256__0a432969ddc7ffc0b5e891b8ae544e6479c9a684f20670766293790390fb709b  for client : _system_ / .
2019-10-14 04:00:12,070 [ACCEPTED DELETE] auto-trashcan:ckdocker-gold/cinf/graphql-gateway/1.8.55-1565896478-cef2758f02dd/sha256__1677b7a8c10b85561f22f2e34ba4d7c50cc6c83143fda9cd6dc318cb12a84e42  for client : _system_ / .
2019-10-14 04:00:12,087 [ACCEPTED DELETE] auto-trashcan:ckdocker-gold/cinf/graphql-gateway/1.8.55-1565896478-cef2758f02dd/sha256__1ece8782292ceee2da6f9b5b8a2e7340159bc156c7afb8fde8567aea155723f1  for client : _system_ / .
2019-10-14 04:00:12,106 [ACCEPTED DELETE] auto-trashcan:ckdocker-gold/cinf/graphql-gateway/1.8.55-1565896478-cef2758f02dd/sha256__306dff6901b9bb8a540c5383109c29a6b1f18e492d7a35e08435b0b06de8d3e3  for client : _system_ / .
2019-10-14 04:00:12,124 [ACCEPTED DELETE] auto-trashcan:ckdocker-gold/cinf/graphql-gateway/1.8.55-1565896478-cef2758f02dd/sha256__3b90846f1f7c09bfd7ba3f5dbcb10568186f262c90a4d664b1da3575b90b4304  for client : _system_ / .
2019-10-14 04:00:12,144 [ACCEPTED DELETE] auto-trashcan:ckdocker-gold/cinf/graphql-gateway/1.8.55-1565896478-cef2758f02dd/sha256__4456cef351955707d485badaae12e8516482645c42c6137bfc10621f97d5b629  for client : _system_ / .
2019-10-14 04:00:12,161 [ACCEPTED DELETE] auto-trashcan:ckdocker-gold/cinf/graphql-gateway/1.8.55-1565896478-cef2758f02dd/sha256__54840b5296fba64ef97b9133219bce9c61b77f89449914477afbfba85412de98  for client : _system_ / .
2019-10-14 04:00:12,178 [ACCEPTED DELETE] auto-trashcan:ckdocker-gold/cinf/graphql-gateway/1.8.55-1565896478-cef2758f02dd/sha256__55bfc2fd59695b39cd23d05fdcf48236e2a36e8e0008f64707bad01b3a0b28d2  for client : _system_ / .
2019-10-14 04:00:12,195 [ACCEPTED DELETE] auto-trashcan:ckdocker-gold/cinf/graphql-gateway/1.8.55-1565896478-cef2758f02dd/sha256__7512c502db66151d6f3a3fdc308a1da9d2b79055d2483d1514815d213ad412ce  for client : _system_ / .
2019-10-14 04:00:12,211 [ACCEPTED DELETE] auto-trashcan:ckdocker-gold/cinf/graphql-gateway/1.8.55-1565896478-cef2758f02dd/sha256__82283f0762e06cef665f8535f6e5ebd46e0c2e604e6ab43867954bce1092b1a0  for client : _system_ / .
2019-10-14 04:00:12,229 [ACCEPTED DELETE] auto-trashcan:ckdocker-gold/cinf/graphql-gateway/1.8.55-1565896478-cef2758f02dd/sha256__8ba884070f611d31cb2c42eddb691319dc9facf5e0ec67672fcfa135181ab3df  for client : _system_ / .
2019-10-14 04:00:12,245 [ACCEPTED DELETE] auto-trashcan:ckdocker-gold/cinf/graphql-gateway/1.8.55-1565896478-cef2758f02dd/sha256__a23e051afbd827dd1974e3d3dd1d5880834b47534212d8e88e38e292dbb36bde  for client : _system_ / .
2019-10-14 04:00:12,262 [ACCEPTED DELETE] auto-trashcan:ckdocker-gold/cinf/graphql-gateway/1.8.55-1565896478-cef2758f02dd/sha256__cd7bb1509e289c900127bf3e48359121d6964a05c7ae741fccc5445158d8c43c  for client : _system_ / .
2019-10-14 04:00:12,280 [ACCEPTED DELETE] auto-trashcan:ckdocker-gold/cinf/graphql-gateway/1.8.55-1565896478-cef2758f02dd/sha256__d9c5937e4146b5c63d82e662c2f4e607a3dca7d7afe45ec965b58af8cad2285b  for client : _system_ / .
2019-10-14 04:00:12,296 [ACCEPTED DELETE] auto-trashcan:ckdocker-gold/cinf/graphql-gateway/1.8.55-1565896478-cef2758f02dd/sha256__dc85fb31238dcd8c3806052b8959022be7bbb341a721bef50f170c7f1a40d631  for client : _system_ / .
2019-10-14 04:00:12,314 [ACCEPTED DELETE] auto-trashcan:ckdocker-gold/cinf/graphql-gateway/1.8.55-1565896478-cef2758f02dd/sha256__e362a7ef368f1c44debb27168d6500b65e493cd2edb4c65cc67809effa668e62  for client : _system_ / .
2019-10-14 04:00:12,329 [ACCEPTED DELETE] auto-trashcan:ckdocker-gold/cinf/graphql-gateway/1.8.55-1565896478-cef2758f02dd/sha256__fe638b088ff83cb4508ee4915a1a0151725aaf72ca93e6490d14076b3e6d7f49  for client : _system_ / .
2019-10-14 04:00:12,346 [ACCEPTED DELETE] auto-trashcan:ckdocker/test/test-service-dtrejo-1569398529-5401fe/0.0.2-1569399306-80ab20b98621/manifest.json  for client : _system_ / .
2019-10-14 04:00:12,366 [ACCEPTED DELETE] auto-trashcan:ckdocker/test/test-service-dtrejo-1569398529-5401fe/0.0.2-1569399306-80ab20b98621/sha256__0be4b55ed1d67e6d38d275ab6e213cf3c3ee74663aa5a81d2d1e9acaaaf50364  for client : _system_ / .
2019-10-14 04:00:12,381 [ACCEPTED DELETE] auto-trashcan:ckdocker/test/test-service-dtrejo-1569398529-5401fe/0.0.2-1569399306-80ab20b98621/sha256__1948837bede046c3eae78c33cb4204fe89da0406cf0e88fadef3ab5ae324e3be  for client : _system_ / .
2019-10-14 04:00:12,398 [ACCEPTED DELETE] auto-trashcan:ckdocker/test/test-service-dtrejo-1569398529-5401fe/0.0.2-1569399306-80ab20b98621/sha256__196849b97cd0c343f51e2f765a56d664da61339f40f7090422652a22a3e0d2de  for client : _system_ / .
2019-10-14 04:00:12,415 [ACCEPTED DELETE] auto-trashcan:ckdocker/test/test-service-dtrejo-1569398529-5401fe/0.0.2-1569399306-80ab20b98621/sha256__252a8cbee180bce3afa03e37e7ea0706e1c874cb7d50b2fa3b975f19bbabd847  for client : _system_ / .
2019-10-14 04:00:12,431 [ACCEPTED DELETE] auto-trashcan:ckdocker/test/test-service-dtrejo-1569398529-5401fe/0.0.2-1569399306-80ab20b98621/sha256__3aa481baa24beca764a07d60a2636ab3a57e05cdb16b9afb1fc20974f0be4071  for client : _system_ / .
2019-10-14 04:00:12,450 [ACCEPTED DELETE] auto-trashcan:ckdocker/test/test-service-dtrejo-1569398529-5401fe/0.0.2-1569399306-80ab20b98621/sha256__3ae5e05a2cf4da3845427df04e457a46e06ef9b81b520f0c961305d61d2d878f  for client : _system_ / .
2019-10-14 04:00:12,466 [ACCEPTED DELETE] auto-trashcan:ckdocker/test/test-service-dtrejo-1569398529-5401fe/0.0.2-1569399306-80ab20b98621/sha256__3fa496056f1e3d4e7aced864f8d80709aad84a2a3e41e7405b181cab888b6d24  for client : _system_ / .
2019-10-14 04:00:12,483 [ACCEPTED DELETE] auto-trashcan:ckdocker/test/test-service-dtrejo-1569398529-5401fe/0.0.2-1569399306-80ab20b98621/sha256__5296b5785c86f8bec5c3590b93faa58d6e5d4c57692c301c225177b70f7dac09  for client : _system_ / .
2019-10-14 04:00:12,499 [ACCEPTED DELETE] auto-trashcan:ckdocker/test/test-service-dtrejo-1569398529-5401fe/0.0.2-1569399306-80ab20b98621/sha256__6716beadd3581458f7cc7d50b746eeef8027bc8625792667504a122b2b080133  for client : _system_ / .
2019-10-14 04:00:12,515 [ACCEPTED DELETE] auto-trashcan:ckdocker/test/test-service-dtrejo-1569398529-5401fe/0.0.2-1569399306-80ab20b98621/sha256__67ebc5a7c75121e4d67e3034f4d8b9e500a12dbdbd0aee8c6f5cd874974b0517  for client : _system_ / .
2019-10-14 04:00:12,532 [ACCEPTED DELETE] auto-trashcan:ckdocker/test/test-service-dtrejo-1569398529-5401fe/0.0.2-1569399306-80ab20b98621/sha256__b611f3e1a82cd3cf7a243b91759bba8f0d003d370cdd7cd8df5a01c10f4cd329  for client : _system_ / .
2019-10-14 04:00:12,548 [ACCEPTED DELETE] auto-trashcan:ckdocker/test/test-service-dtrejo-1569398529-5401fe/0.0.2-1569399306-80ab20b98621/sha256__bf85c810f145313fe90f39ed636d71fa17925d4207333fbabc528ba4509b07d0  for client : _system_ / .
2019-10-14 04:00:12,566 [ACCEPTED DELETE] auto-trashcan:ckdocker/test/test-service-dtrejo-1569398529-5401fe/0.0.2-1569399306-80ab20b98621/sha256__c84d0e87d14dab712c74fe96627e816ca2e3f3bebcfeb4201037c7030b967a6d  for client : _system_ / .
2019-10-14 04:00:12,586 [ACCEPTED DELETE] auto-trashcan:ckdocker/test/test-service-dtrejo-1569398529-5401fe/0.0.2-1569399306-80ab20b98621/sha256__cfe09fcf7d3c84d35a21303cdec0e52322e6815e5c43f2c701336939a1cf1667  for client : _system_ / .
2019-10-14 04:00:12,604 [ACCEPTED DELETE] auto-trashcan:ckdocker/test/test-service-dtrejo-1569398529-5401fe/0.0.2-1569399306-80ab20b98621/sha256__d06178caa9f3f41b80adefaabf70899da13c1a3cc3a2af19872436062cb53715  for client : _system_ / .
2019-10-14 04:00:12,620 [ACCEPTED DELETE] auto-trashcan:ckdocker/test/test-service-dtrejo-1569398529-5401fe/0.0.2-1569399306-80ab20b98621/sha256__d8d02d45731499028db01b6fa35475f91d230628b4e25fab8e3c015594dc3261  for client : _system_ / .
2019-10-14 04:00:12,636 [ACCEPTED DELETE] auto-trashcan:ckdocker/test/test-service-dtrejo-1569398529-5401fe/0.0.2-1569399306-80ab20b98621/sha256__f735dc2a0c67f17e96e7b84c11232c5c604d8c69ec73228b3822b671435173d9  for client : _system_ / .
2019-10-14 04:00:12,654 [ACCEPTED DELETE] auto-trashcan:ckdocker/test/test-service-dtrejo-1569398529-5401fe/0.0.2-1569399306-80ab20b98621/sha256__fb693ae2e16f1fc526a42338a739221ed34708b6ea0e2ed0b5193c8179c7789d  for client : _system_ / .
2019-10-14 04:00:12,670 [ACCEPTED DELETE] auto-trashcan:ckdocker/test/test-service-dtrejo-1569394934-5401fe/0.0.0-1569395963-dec1e3e1deb3/manifest.json  for client : _system_ / .
2019-10-14 04:00:12,689 [ACCEPTED DELETE] auto-trashcan:ckdocker/test/test-service-dtrejo-1569394934-5401fe/0.0.0-1569395963-dec1e3e1deb3/sha256__246d91822e2e0f5efc40b39915b29547b4b43123bf78b881e86030a660c73b58  for client : _system_ / .
2019-10-14 04:00:12,704 [ACCEPTED DELETE] auto-trashcan:ckdocker/test/test-service-dtrejo-1569394934-5401fe/0.0.0-1569395963-dec1e3e1deb3/sha256__331586ec6e78148fad1906476a83fe2f504416aab4464c784a5c64c9ad0240a1  for client : _system_ / .
2019-10-14 04:00:12,721 [ACCEPTED DELETE] auto-trashcan:ckdocker/test/test-service-dtrejo-1569394934-5401fe/0.0.0-1569395963-dec1e3e1deb3/sha256__3bedcfcac9373e02ede14d1ddb95e31121b0a898692d15d55e2e45be7762a675  for client : _system_ / .
2019-10-14 04:00:12,738 [ACCEPTED DELETE] auto-trashcan:ckdocker/test/test-service-dtrejo-1569394934-5401fe/0.0.0-1569395963-dec1e3e1deb3/sha256__4d8688a6cdf3d097f676564d4cbd4382ee8b0fcaa3d4c3ffcbe2ac96c0faa581  for client : _system_ / .
2019-10-14 04:00:12,753 [ACCEPTED DELETE] auto-trashcan:ckdocker/test/test-service-dtrejo-1569394934-5401fe/0.0.0-1569395963-dec1e3e1deb3/sha256__5217c63c92401078c006aca510f6f39a0c82e8cb803f87c6d5c7f548c0fa61c0  for client : _system_ / .
2019-10-14 04:00:12,769 [ACCEPTED DELETE] auto-trashcan:ckdocker/test/test-service-dtrejo-1569394934-5401fe/0.0.0-1569395963-dec1e3e1deb3/sha256__5d8496ca0b2f39730de68b2dc2d3ce49faceac76f9ff813fa6babb122aa5b5bd  for client : _system_ / .
2019-10-14 04:00:12,786 [ACCEPTED DELETE] auto-trashcan:ckdocker/test/test-service-dtrejo-1569394934-5401fe/0.0.0-1569395963-dec1e3e1deb3/sha256__81b7b059b54020285554c2c447371799b5832f8edb620d6813ee6d8d4c285a59  for client : _system_ / .
2019-10-14 04:00:12,806 [ACCEPTED DELETE] auto-trashcan:ckdocker/test/test-service-dtrejo-1569394934-5401fe/0.0.0-1569395963-dec1e3e1deb3/sha256__b4aeb69f0d50511b696ae17ffc9a70d3d72e3cbd8444bb23558b4e496fdef97c  for client : _system_ / .
2019-10-14 04:00:12,822 [ACCEPTED DELETE] auto-trashcan:ckdocker/test/test-service-dtrejo-1569394934-5401fe/0.0.0-1569395963-dec1e3e1deb3/sha256__d8d02d45731499028db01b6fa35475f91d230628b4e25fab8e3c015594dc3261  for client : _system_ / .
2019-10-14 04:00:12,838 [ACCEPTED DELETE] auto-trashcan:ckdocker/test/test-service-dtrejo-1569394934-5401fe/0.0.0-1569395963-dec1e3e1deb3/sha256__fcabfe9a744977e8a2d478848f73646698ff011e8c8d0c4bbc24ed303018c519  for client : _system_ / .
2019-10-14 04:06:37,987 [ACCEPTED DEPLOY] ruby-gem-ck-remote-cache:specs.4.8.gz  for client : _system_ / .
2019-10-14 04:06:38,077 [ACCEPTED DEPLOY] ruby-gem-ck-remote-cache:latest_specs.4.8.gz  for client : _system_ / .
2019-10-14 04:06:38,120 [ACCEPTED DEPLOY] ruby-gem-ck-remote-cache:prerelease_specs.4.8.gz  for client : _system_ / .
2019-10-14 04:07:14,870 [ACCEPTED DEPLOY] ruby-gem-ck-virtual:specs.4.8.gz  for client : _system_ / .
2019-10-14 04:07:21,471 [ACCEPTED DEPLOY] ruby-gem-ck-virtual:latest_specs.4.8.gz  for client : _system_ / .
2019-10-14 04:07:23,865 [ACCEPTED DEPLOY] ruby-gem-ck-virtual:prerelease_specs.4.8.gz  for client : _system_ / .
2019-10-14 04:21:37,958 [ACCEPTED DEPLOY] ruby-gem-ck-remote-cache:specs.4.8.gz  for client : _system_ / .
2019-10-14 04:21:38,045 [ACCEPTED DEPLOY] ruby-gem-ck-remote-cache:latest_specs.4.8.gz  for client : _system_ / .
2019-10-14 04:21:38,098 [ACCEPTED DEPLOY] ruby-gem-ck-remote-cache:prerelease_specs.4.8.gz  for client : _system_ / .
2019-10-14 04:22:14,474 [ACCEPTED DEPLOY] ruby-gem-ck-virtual:specs.4.8.gz  for client : _system_ / .
2019-10-14 04:22:20,976 [ACCEPTED DEPLOY] ruby-gem-ck-virtual:latest_specs.4.8.gz  for client : _system_ / .
2019-10-14 04:22:23,467 [ACCEPTED DEPLOY] ruby-gem-ck-virtual:prerelease_specs.4.8.gz  for client : _system_ / .
2019-10-14 04:36:37,925 [ACCEPTED DEPLOY] ruby-gem-ck-remote-cache:specs.4.8.gz  for client : _system_ / .
2019-10-14 04:36:38,015 [ACCEPTED DEPLOY] ruby-gem-ck-remote-cache:latest_specs.4.8.gz  for client : _system_ / .
2019-10-14 04:36:38,056 [ACCEPTED DEPLOY] ruby-gem-ck-remote-cache:prerelease_specs.4.8.gz  for client : _system_ / .
2019-10-14 04:37:13,787 [ACCEPTED DEPLOY] ruby-gem-ck-virtual:specs.4.8.gz  for client : _system_ / .
2019-10-14 04:37:20,649 [ACCEPTED DEPLOY] ruby-gem-ck-virtual:latest_specs.4.8.gz  for client : _system_ / .
2019-10-14 04:37:23,225 [ACCEPTED DEPLOY] ruby-gem-ck-virtual:prerelease_specs.4.8.gz  for client : _system_ / .
2019-10-14 04:51:37,940 [ACCEPTED DEPLOY] ruby-gem-ck-remote-cache:specs.4.8.gz  for client : _system_ / .
2019-10-14 04:51:38,032 [ACCEPTED DEPLOY] ruby-gem-ck-remote-cache:latest_specs.4.8.gz  for client : _system_ / .
2019-10-14 04:51:38,077 [ACCEPTED DEPLOY] ruby-gem-ck-remote-cache:prerelease_specs.4.8.gz  for client : _system_ / .
2019-10-14 04:52:13,282 [ACCEPTED DEPLOY] ruby-gem-ck-virtual:specs.4.8.gz  for client : _system_ / .
2019-10-14 04:52:19,838 [ACCEPTED DEPLOY] ruby-gem-ck-virtual:latest_specs.4.8.gz  for client : _system_ / .
2019-10-14 04:52:22,317 [ACCEPTED DEPLOY] ruby-gem-ck-virtual:prerelease_specs.4.8.gz  for client : _system_ / .
2019-10-14 05:06:37,959 [ACCEPTED DEPLOY] ruby-gem-ck-remote-cache:specs.4.8.gz  for client : _system_ / .
2019-10-14 05:06:38,049 [ACCEPTED DEPLOY] ruby-gem-ck-remote-cache:latest_specs.4.8.gz  for client : _system_ / .
2019-10-14 05:06:38,092 [ACCEPTED DEPLOY] ruby-gem-ck-remote-cache:prerelease_specs.4.8.gz  for client : _system_ / .
2019-10-14 05:07:13,136 [ACCEPTED DEPLOY] ruby-gem-ck-virtual:specs.4.8.gz  for client : _system_ / .
2019-10-14 05:07:19,758 [ACCEPTED DEPLOY] ruby-gem-ck-virtual:latest_specs.4.8.gz  for client : _system_ / .
2019-10-14 05:07:22,148 [ACCEPTED DEPLOY] ruby-gem-ck-virtual:prerelease_specs.4.8.gz  for client : _system_ / .
2019-10-14 05:21:38,030 [ACCEPTED DEPLOY] ruby-gem-ck-remote-cache:specs.4.8.gz  for client : _system_ / .
2019-10-14 05:21:38,120 [ACCEPTED DEPLOY] ruby-gem-ck-remote-cache:latest_specs.4.8.gz  for client : _system_ / .
2019-10-14 05:21:38,163 [ACCEPTED DEPLOY] ruby-gem-ck-remote-cache:prerelease_specs.4.8.gz  for client : _system_ / .
2019-10-14 05:22:14,813 [ACCEPTED DEPLOY] ruby-gem-ck-virtual:specs.4.8.gz  for client : _system_ / .
2019-10-14 05:22:21,279 [ACCEPTED DEPLOY] ruby-gem-ck-virtual:latest_specs.4.8.gz  for client : _system_ / .
2019-10-14 05:22:23,757 [ACCEPTED DEPLOY] ruby-gem-ck-virtual:prerelease_specs.4.8.gz  for client : _system_ / .
2019-10-14 05:36:32,925 [ACCEPTED DEPLOY] ruby-gem-ck-remote-cache:specs.4.8.gz  for client : _system_ / .
2019-10-14 05:36:33,015 [ACCEPTED DEPLOY] ruby-gem-ck-remote-cache:latest_specs.4.8.gz  for client : _system_ / .
2019-10-14 05:36:33,058 [ACCEPTED DEPLOY] ruby-gem-ck-remote-cache:prerelease_specs.4.8.gz  for client : _system_ / .
2019-10-14 05:37:08,615 [ACCEPTED DEPLOY] ruby-gem-ck-virtual:specs.4.8.gz  for client : _system_ / .
2019-10-14 05:37:20,574 [ACCEPTED DEPLOY] ruby-gem-ck-virtual:latest_specs.4.8.gz  for client : _system_ / .
2019-10-14 05:37:22,971 [ACCEPTED DEPLOY] ruby-gem-ck-virtual:prerelease_specs.4.8.gz  for client : _system_ / .
2019-10-14 05:51:33,027 [ACCEPTED DEPLOY] ruby-gem-ck-remote-cache:specs.4.8.gz  for client : _system_ / .
2019-10-14 05:51:33,114 [ACCEPTED DEPLOY] ruby-gem-ck-remote-cache:latest_specs.4.8.gz  for client : _system_ / .
2019-10-14 05:51:33,159 [ACCEPTED DEPLOY] ruby-gem-ck-remote-cache:prerelease_specs.4.8.gz  for client : _system_ / .
2019-10-14 05:52:08,318 [ACCEPTED DEPLOY] ruby-gem-ck-virtual:specs.4.8.gz  for client : _system_ / .
2019-10-14 05:52:14,802 [ACCEPTED DEPLOY] ruby-gem-ck-virtual:latest_specs.4.8.gz  for client : _system_ / .
2019-10-14 05:52:17,198 [ACCEPTED DEPLOY] ruby-gem-ck-virtual:prerelease_specs.4.8.gz  for client : _system_ / .
2019-10-14 06:06:37,985 [ACCEPTED DEPLOY] ruby-gem-ck-remote-cache:specs.4.8.gz  for client : _system_ / .
2019-10-14 06:06:38,073 [ACCEPTED DEPLOY] ruby-gem-ck-remote-cache:latest_specs.4.8.gz  for client : _system_ / .
2019-10-14 06:06:38,115 [ACCEPTED DEPLOY] ruby-gem-ck-remote-cache:prerelease_specs.4.8.gz  for client : _system_ / .
2019-10-14 06:07:13,818 [ACCEPTED DEPLOY] ruby-gem-ck-virtual:specs.4.8.gz  for client : _system_ / .
2019-10-14 06:07:20,304 [ACCEPTED DEPLOY] ruby-gem-ck-virtual:latest_specs.4.8.gz  for client : _system_ / .
2019-10-14 06:07:22,681 [ACCEPTED DEPLOY] ruby-gem-ck-virtual:prerelease_specs.4.8.gz  for client : _system_ / .
2019-10-14 06:21:37,939 [ACCEPTED DEPLOY] ruby-gem-ck-remote-cache:specs.4.8.gz  for client : _system_ / .
2019-10-14 06:21:38,028 [ACCEPTED DEPLOY] ruby-gem-ck-remote-cache:latest_specs.4.8.gz  for client : _system_ / .
2019-10-14 06:21:38,073 [ACCEPTED DEPLOY] ruby-gem-ck-remote-cache:prerelease_specs.4.8.gz  for client : _system_ / .
2019-10-14 06:22:13,467 [ACCEPTED DEPLOY] ruby-gem-ck-virtual:specs.4.8.gz  for client : _system_ / .
2019-10-14 06:22:19,996 [ACCEPTED DEPLOY] ruby-gem-ck-virtual:latest_specs.4.8.gz  for client : _system_ / .
2019-10-14 06:22:22,430 [ACCEPTED DEPLOY] ruby-gem-ck-virtual:prerelease_specs.4.8.gz  for client : _system_ / .
2019-10-14 06:36:37,932 [ACCEPTED DEPLOY] ruby-gem-ck-remote-cache:specs.4.8.gz  for client : _system_ / .
2019-10-14 06:36:38,021 [ACCEPTED DEPLOY] ruby-gem-ck-remote-cache:latest_specs.4.8.gz  for client : _system_ / .
2019-10-14 06:36:38,065 [ACCEPTED DEPLOY] ruby-gem-ck-remote-cache:prerelease_specs.4.8.gz  for client : _system_ / .
2019-10-14 06:37:13,187 [ACCEPTED DEPLOY] ruby-gem-ck-virtual:specs.4.8.gz  for client : _system_ / .
2019-10-14 06:37:20,006 [ACCEPTED DEPLOY] ruby-gem-ck-virtual:latest_specs.4.8.gz  for client : _system_ / .
2019-10-14 06:37:22,406 [ACCEPTED DEPLOY] ruby-gem-ck-virtual:prerelease_specs.4.8.gz  for client : _system_ / .
2019-10-14 06:51:37,938 [ACCEPTED DEPLOY] ruby-gem-ck-remote-cache:specs.4.8.gz  for client : _system_ / .
2019-10-14 06:51:38,024 [ACCEPTED DEPLOY] ruby-gem-ck-remote-cache:latest_specs.4.8.gz  for client : _system_ / .
2019-10-14 06:51:38,066 [ACCEPTED DEPLOY] ruby-gem-ck-remote-cache:prerelease_specs.4.8.gz  for client : _system_ / .
2019-10-14 06:52:13,632 [ACCEPTED DEPLOY] ruby-gem-ck-virtual:specs.4.8.gz  for client : _system_ / .
2019-10-14 06:52:20,341 [ACCEPTED DEPLOY] ruby-gem-ck-virtual:latest_specs.4.8.gz  for client : _system_ / .
2019-10-14 06:52:22,762 [ACCEPTED DEPLOY] ruby-gem-ck-virtual:prerelease_specs.4.8.gz  for client : _system_ / .
2019-10-14 07:06:38,003 [ACCEPTED DEPLOY] ruby-gem-ck-remote-cache:specs.4.8.gz  for client : _system_ / .
2019-10-14 07:06:38,091 [ACCEPTED DEPLOY] ruby-gem-ck-remote-cache:latest_specs.4.8.gz  for client : _system_ / .
2019-10-14 07:06:38,133 [ACCEPTED DEPLOY] ruby-gem-ck-remote-cache:prerelease_specs.4.8.gz  for client : _system_ / .
2019-10-14 07:07:13,004 [ACCEPTED DEPLOY] ruby-gem-ck-virtual:specs.4.8.gz  for client : _system_ / .
2019-10-14 07:07:19,715 [ACCEPTED DEPLOY] ruby-gem-ck-virtual:latest_specs.4.8.gz  for client : _system_ / .
2019-10-14 07:07:22,170 [ACCEPTED DEPLOY] ruby-gem-ck-virtual:prerelease_specs.4.8.gz  for client : _system_ / .
2019-10-14 07:21:37,929 [ACCEPTED DEPLOY] ruby-gem-ck-remote-cache:specs.4.8.gz  for client : _system_ / .
2019-10-14 07:21:38,026 [ACCEPTED DEPLOY] ruby-gem-ck-remote-cache:latest_specs.4.8.gz  for client : _system_ / .
2019-10-14 07:21:38,071 [ACCEPTED DEPLOY] ruby-gem-ck-remote-cache:prerelease_specs.4.8.gz  for client : _system_ / .
2019-10-14 07:22:13,145 [ACCEPTED DEPLOY] ruby-gem-ck-virtual:specs.4.8.gz  for client : _system_ / .
2019-10-14 07:22:19,675 [ACCEPTED DEPLOY] ruby-gem-ck-virtual:latest_specs.4.8.gz  for client : _system_ / .
2019-10-14 07:22:22,089 [ACCEPTED DEPLOY] ruby-gem-ck-virtual:prerelease_specs.4.8.gz  for client : _system_ / .
2019-10-14 07:36:37,923 [ACCEPTED DEPLOY] ruby-gem-ck-remote-cache:specs.4.8.gz  for client : _system_ / .
2019-10-14 07:36:38,009 [ACCEPTED DEPLOY] ruby-gem-ck-remote-cache:latest_specs.4.8.gz  for client : _system_ / .
2019-10-14 07:36:38,049 [ACCEPTED DEPLOY] ruby-gem-ck-remote-cache:prerelease_specs.4.8.gz  for client : _system_ / .
2019-10-14 07:37:14,535 [ACCEPTED DEPLOY] ruby-gem-ck-virtual:specs.4.8.gz  for client : _system_ / .
2019-10-14 07:37:21,377 [ACCEPTED DEPLOY] ruby-gem-ck-virtual:latest_specs.4.8.gz  for client : _system_ / .
2019-10-14 07:37:23,793 [ACCEPTED DEPLOY] ruby-gem-ck-virtual:prerelease_specs.4.8.gz  for client : _system_ / .
2019-10-14 07:51:37,962 [ACCEPTED DEPLOY] ruby-gem-ck-remote-cache:specs.4.8.gz  for client : _system_ / .
2019-10-14 07:51:38,049 [ACCEPTED DEPLOY] ruby-gem-ck-remote-cache:latest_specs.4.8.gz  for client : _system_ / .
2019-10-14 07:51:38,091 [ACCEPTED DEPLOY] ruby-gem-ck-remote-cache:prerelease_specs.4.8.gz  for client : _system_ / .
2019-10-14 07:52:13,455 [ACCEPTED DEPLOY] ruby-gem-ck-virtual:specs.4.8.gz  for client : _system_ / .
2019-10-14 07:52:20,232 [ACCEPTED DEPLOY] ruby-gem-ck-virtual:latest_specs.4.8.gz  for client : _system_ / .
2019-10-14 07:52:23,139 [ACCEPTED DEPLOY] ruby-gem-ck-virtual:prerelease_specs.4.8.gz  for client : _system_ / .
2019-10-14 08:00:08,965 [ACCEPTED DELETE] auto-trashcan:static-sites/uk.tgz  for client : _system_ / .
2019-10-14 08:00:10,367 [ACCEPTED DELETE] auto-trashcan:health-check-npm-latest/.npm/health-check/health-check-1.1.1569852263.json  for client : _system_ / .
2019-10-14 08:00:10,383 [ACCEPTED DELETE] auto-trashcan:health-check-npm-latest/.npm/health-check/health-check-1.1.1569853155.json  for client : _system_ / .
2019-10-14 08:00:10,399 [ACCEPTED DELETE] auto-trashcan:health-check-npm-latest/.npm/health-check/health-check-1.1.1569854947.json  for client : _system_ / .
2019-10-14 08:00:10,415 [ACCEPTED DELETE] auto-trashcan:health-check-npm-latest/.npm/health-check/health-check-1.1.1569854051.json  for client : _system_ / .
2019-10-14 08:06:38,001 [ACCEPTED DEPLOY] ruby-gem-ck-remote-cache:specs.4.8.gz  for client : _system_ / .
2019-10-14 08:06:38,088 [ACCEPTED DEPLOY] ruby-gem-ck-remote-cache:latest_specs.4.8.gz  for client : _system_ / .
2019-10-14 08:06:38,131 [ACCEPTED DEPLOY] ruby-gem-ck-remote-cache:prerelease_specs.4.8.gz  for client : _system_ / .
2019-10-14 08:07:13,720 [ACCEPTED DEPLOY] ruby-gem-ck-virtual:specs.4.8.gz  for client : _system_ / .
2019-10-14 08:07:20,335 [ACCEPTED DEPLOY] ruby-gem-ck-virtual:latest_specs.4.8.gz  for client : _system_ / .
2019-10-14 08:07:22,935 [ACCEPTED DEPLOY] ruby-gem-ck-virtual:prerelease_specs.4.8.gz  for client : _system_ / .
2019-10-14 08:21:37,932 [ACCEPTED DEPLOY] ruby-gem-ck-remote-cache:specs.4.8.gz  for client : _system_ / .
2019-10-14 08:21:38,019 [ACCEPTED DEPLOY] ruby-gem-ck-remote-cache:latest_specs.4.8.gz  for client : _system_ / .
2019-10-14 08:21:38,068 [ACCEPTED DEPLOY] ruby-gem-ck-remote-cache:prerelease_specs.4.8.gz  for client : _system_ / .
2019-10-14 08:22:14,504 [ACCEPTED DEPLOY] ruby-gem-ck-virtual:specs.4.8.gz  for client : _system_ / .
2019-10-14 08:22:20,996 [ACCEPTED DEPLOY] ruby-gem-ck-virtual:latest_specs.4.8.gz  for client : _system_ / .
2019-10-14 08:22:23,395 [ACCEPTED DEPLOY] ruby-gem-ck-virtual:prerelease_specs.4.8.gz  for client : _system_ / .
2019-10-14 08:36:37,925 [ACCEPTED DEPLOY] ruby-gem-ck-remote-cache:specs.4.8.gz  for client : _system_ / .
2019-10-14 08:36:38,019 [ACCEPTED DEPLOY] ruby-gem-ck-remote-cache:latest_specs.4.8.gz  for client : _system_ / .
2019-10-14 08:36:38,065 [ACCEPTED DEPLOY] ruby-gem-ck-remote-cache:prerelease_specs.4.8.gz  for client : _system_ / .
2019-10-14 08:37:13,595 [ACCEPTED DEPLOY] ruby-gem-ck-virtual:specs.4.8.gz  for client : _system_ / .
2019-10-14 08:37:20,094 [ACCEPTED DEPLOY] ruby-gem-ck-virtual:latest_specs.4.8.gz  for client : _system_ / .
2019-10-14 08:37:22,454 [ACCEPTED DEPLOY] ruby-gem-ck-virtual:prerelease_specs.4.8.gz  for client : _system_ / .
2019-10-14 08:51:37,996 [ACCEPTED DEPLOY] ruby-gem-ck-remote-cache:specs.4.8.gz  for client : _system_ / .
2019-10-14 08:51:38,082 [ACCEPTED DEPLOY] ruby-gem-ck-remote-cache:latest_specs.4.8.gz  for client : _system_ / .
2019-10-14 08:51:38,126 [ACCEPTED DEPLOY] ruby-gem-ck-remote-cache:prerelease_specs.4.8.gz  for client : _system_ / .
2019-10-14 08:52:13,791 [ACCEPTED DEPLOY] ruby-gem-ck-virtual:specs.4.8.gz  for client : _system_ / .
2019-10-14 08:52:20,772 [ACCEPTED DEPLOY] ruby-gem-ck-virtual:latest_specs.4.8.gz  for client : _system_ / .
2019-10-14 08:52:23,191 [ACCEPTED DEPLOY] ruby-gem-ck-virtual:prerelease_specs.4.8.gz  for client : _system_ / .
2019-10-14 09:06:37,928 [ACCEPTED DEPLOY] ruby-gem-ck-remote-cache:specs.4.8.gz  for client : _system_ / .
2019-10-14 09:06:38,017 [ACCEPTED DEPLOY] ruby-gem-ck-remote-cache:latest_specs.4.8.gz  for client : _system_ / .
2019-10-14 09:06:38,062 [ACCEPTED DEPLOY] ruby-gem-ck-remote-cache:prerelease_specs.4.8.gz  for client : _system_ / .
2019-10-14 09:07:13,446 [ACCEPTED DEPLOY] ruby-gem-ck-virtual:specs.4.8.gz  for client : _system_ / .
2019-10-14 09:07:20,426 [ACCEPTED DEPLOY] ruby-gem-ck-virtual:latest_specs.4.8.gz  for client : _system_ / .
2019-10-14 09:07:22,836 [ACCEPTED DEPLOY] ruby-gem-ck-virtual:prerelease_specs.4.8.gz  for client : _system_ / .
2019-10-14 09:21:37,925 [ACCEPTED DEPLOY] ruby-gem-ck-remote-cache:specs.4.8.gz  for client : _system_ / .
2019-10-14 09:21:38,012 [ACCEPTED DEPLOY] ruby-gem-ck-remote-cache:latest_specs.4.8.gz  for client : _system_ / .
2019-10-14 09:21:38,055 [ACCEPTED DEPLOY] ruby-gem-ck-remote-cache:prerelease_specs.4.8.gz  for client : _system_ / .
2019-10-14 09:22:13,578 [ACCEPTED DEPLOY] ruby-gem-ck-virtual:specs.4.8.gz  for client : _system_ / .
2019-10-14 09:22:20,085 [ACCEPTED DEPLOY] ruby-gem-ck-virtual:latest_specs.4.8.gz  for client : _system_ / .
2019-10-14 09:22:22,479 [ACCEPTED DEPLOY] ruby-gem-ck-virtual:prerelease_specs.4.8.gz  for client : _system_ / .
2019-10-14 09:36:37,997 [ACCEPTED DEPLOY] ruby-gem-ck-remote-cache:specs.4.8.gz  for client : _system_ / .
2019-10-14 09:36:38,081 [ACCEPTED DEPLOY] ruby-gem-ck-remote-cache:latest_specs.4.8.gz  for client : _system_ / .
2019-10-14 09:36:38,121 [ACCEPTED DEPLOY] ruby-gem-ck-remote-cache:prerelease_specs.4.8.gz  for client : _system_ / .
2019-10-14 09:37:12,814 [ACCEPTED DEPLOY] ruby-gem-ck-virtual:specs.4.8.gz  for client : _system_ / .
2019-10-14 09:37:19,691 [ACCEPTED DEPLOY] ruby-gem-ck-virtual:latest_specs.4.8.gz  for client : _system_ / .
2019-10-14 09:37:22,057 [ACCEPTED DEPLOY] ruby-gem-ck-virtual:prerelease_specs.4.8.gz  for client : _system_ / .
2019-10-14 09:51:38,000 [ACCEPTED DEPLOY] ruby-gem-ck-remote-cache:specs.4.8.gz  for client : _system_ / .
2019-10-14 09:51:38,093 [ACCEPTED DEPLOY] ruby-gem-ck-remote-cache:latest_specs.4.8.gz  for client : _system_ / .
2019-10-14 09:51:38,136 [ACCEPTED DEPLOY] ruby-gem-ck-remote-cache:prerelease_specs.4.8.gz  for client : _system_ / .
2019-10-14 09:52:14,071 [ACCEPTED DEPLOY] ruby-gem-ck-virtual:specs.4.8.gz  for client : _system_ / .
2019-10-14 09:52:20,841 [ACCEPTED DEPLOY] ruby-gem-ck-virtual:latest_specs.4.8.gz  for client : _system_ / .
2019-10-14 09:52:23,244 [ACCEPTED DEPLOY] ruby-gem-ck-virtual:prerelease_specs.4.8.gz  for client : _system_ / .
2019-10-14 10:06:37,959 [ACCEPTED DEPLOY] ruby-gem-ck-remote-cache:specs.4.8.gz  for client : _system_ / .
2019-10-14 10:06:38,057 [ACCEPTED DEPLOY] ruby-gem-ck-remote-cache:latest_specs.4.8.gz  for client : _system_ / .
2019-10-14 10:06:38,100 [ACCEPTED DEPLOY] ruby-gem-ck-remote-cache:prerelease_specs.4.8.gz  for client : _system_ / .
2019-10-14 10:07:13,858 [ACCEPTED DEPLOY] ruby-gem-ck-virtual:specs.4.8.gz  for client : _system_ / .
2019-10-14 10:07:20,506 [ACCEPTED DEPLOY] ruby-gem-ck-virtual:latest_specs.4.8.gz  for client : _system_ / .
2019-10-14 10:07:22,930 [ACCEPTED DEPLOY] ruby-gem-ck-virtual:prerelease_specs.4.8.gz  for client : _system_ / .
2019-10-14 10:21:38,018 [ACCEPTED DEPLOY] ruby-gem-ck-remote-cache:specs.4.8.gz  for client : _system_ / .
2019-10-14 10:21:38,105 [ACCEPTED DEPLOY] ruby-gem-ck-remote-cache:latest_specs.4.8.gz  for client : _system_ / .
2019-10-14 10:21:38,147 [ACCEPTED DEPLOY] ruby-gem-ck-remote-cache:prerelease_specs.4.8.gz  for client : _system_ / .
2019-10-14 10:22:13,205 [ACCEPTED DEPLOY] ruby-gem-ck-virtual:specs.4.8.gz  for client : _system_ / .
2019-10-14 10:22:19,781 [ACCEPTED DEPLOY] ruby-gem-ck-virtual:latest_specs.4.8.gz  for client : _system_ / .
2019-10-14 10:22:22,577 [ACCEPTED DEPLOY] ruby-gem-ck-virtual:prerelease_specs.4.8.gz  for client : _system_ / .
2019-10-14 10:36:37,939 [ACCEPTED DEPLOY] ruby-gem-ck-remote-cache:specs.4.8.gz  for client : _system_ / .
2019-10-14 10:36:38,048 [ACCEPTED DEPLOY] ruby-gem-ck-remote-cache:latest_specs.4.8.gz  for client : _system_ / .
2019-10-14 10:36:38,092 [ACCEPTED DEPLOY] ruby-gem-ck-remote-cache:prerelease_specs.4.8.gz  for client : _system_ / .
2019-10-14 10:37:12,875 [ACCEPTED DEPLOY] ruby-gem-ck-virtual:specs.4.8.gz  for client : _system_ / .
2019-10-14 10:37:19,419 [ACCEPTED DEPLOY] ruby-gem-ck-virtual:latest_specs.4.8.gz  for client : _system_ / .
2019-10-14 10:37:21,804 [ACCEPTED DEPLOY] ruby-gem-ck-virtual:prerelease_specs.4.8.gz  for client : _system_ / .
2019-10-14 10:56:37,991 [ACCEPTED DEPLOY] ruby-gem-ck-remote-cache:specs.4.8.gz  for client : _system_ / .
2019-10-14 10:56:38,112 [ACCEPTED DEPLOY] ruby-gem-ck-remote-cache:latest_specs.4.8.gz  for client : _system_ / .
2019-10-14 10:56:38,157 [ACCEPTED DEPLOY] ruby-gem-ck-remote-cache:prerelease_specs.4.8.gz  for client : _system_ / .
2019-10-14 10:57:13,597 [ACCEPTED DEPLOY] ruby-gem-ck-virtual:specs.4.8.gz  for client : _system_ / .
2019-10-14 10:57:20,231 [ACCEPTED DEPLOY] ruby-gem-ck-virtual:latest_specs.4.8.gz  for client : _system_ / .
2019-10-14 10:57:22,598 [ACCEPTED DEPLOY] ruby-gem-ck-virtual:prerelease_specs.4.8.gz  for client : _system_ / .
2019-10-14 11:11:32,924 [ACCEPTED DEPLOY] ruby-gem-ck-remote-cache:specs.4.8.gz  for client : _system_ / .
2019-10-14 11:11:33,010 [ACCEPTED DEPLOY] ruby-gem-ck-remote-cache:latest_specs.4.8.gz  for client : _system_ / .
2019-10-14 11:11:33,051 [ACCEPTED DEPLOY] ruby-gem-ck-remote-cache:prerelease_specs.4.8.gz  for client : _system_ / .
2019-10-14 11:12:08,947 [ACCEPTED DEPLOY] ruby-gem-ck-virtual:specs.4.8.gz  for client : _system_ / .
2019-10-14 11:12:20,436 [ACCEPTED DEPLOY] ruby-gem-ck-virtual:latest_specs.4.8.gz  for client : _system_ / .
2019-10-14 11:12:22,870 [ACCEPTED DEPLOY] ruby-gem-ck-virtual:prerelease_specs.4.8.gz  for client : _system_ / .
2019-10-14 11:26:37,922 [ACCEPTED DEPLOY] ruby-gem-ck-remote-cache:specs.4.8.gz  for client : _system_ / .
2019-10-14 11:26:38,019 [ACCEPTED DEPLOY] ruby-gem-ck-remote-cache:latest_specs.4.8.gz  for client : _system_ / .
2019-10-14 11:26:38,063 [ACCEPTED DEPLOY] ruby-gem-ck-remote-cache:prerelease_specs.4.8.gz  for client : _system_ / .
2019-10-14 11:27:13,724 [ACCEPTED DEPLOY] ruby-gem-ck-virtual:specs.4.8.gz  for client : _system_ / .
2019-10-14 11:27:20,408 [ACCEPTED DEPLOY] ruby-gem-ck-virtual:latest_specs.4.8.gz  for client : _system_ / .
2019-10-14 11:27:22,839 [ACCEPTED DEPLOY] ruby-gem-ck-virtual:prerelease_specs.4.8.gz  for client : _system_ / .
2019-10-14 11:41:37,930 [ACCEPTED DEPLOY] ruby-gem-ck-remote-cache:specs.4.8.gz  for client : _system_ / .
2019-10-14 11:41:38,019 [ACCEPTED DEPLOY] ruby-gem-ck-remote-cache:latest_specs.4.8.gz  for client : _system_ / .
2019-10-14 11:41:38,063 [ACCEPTED DEPLOY] ruby-gem-ck-remote-cache:prerelease_specs.4.8.gz  for client : _system_ / .
2019-10-14 11:42:13,190 [ACCEPTED DEPLOY] ruby-gem-ck-virtual:specs.4.8.gz  for client : _system_ / .
2019-10-14 11:42:19,762 [ACCEPTED DEPLOY] ruby-gem-ck-virtual:latest_specs.4.8.gz  for client : _system_ / .
2019-10-14 11:42:22,487 [ACCEPTED DEPLOY] ruby-gem-ck-virtual:prerelease_specs.4.8.gz  for client : _system_ / .
